2023-04-10 11:52:26.668 [info] Log level: Info
2023-04-10 11:52:26.668 [info] Validating found git in: "git"
2023-04-10 11:52:26.668 [info] Using git "2.40.0" from "git"
2023-04-10 11:52:26.668 [info] > git rev-parse --show-toplevel [3ms]
2023-04-10 11:52:26.668 [info] fatal: not a git repository (or any of the parent directories): .git
2023-04-10 11:52:26.669 [info] > git rev-parse --show-toplevel [1ms]
2023-04-10 11:52:26.669 [info] fatal: not a git repository (or any of the parent directories): .git
2023-04-10 11:52:26.696 [info] > git rev-parse --show-toplevel [22ms]
2023-04-10 11:52:26.696 [info] fatal: not a git repository (or any of the parent directories): .git
2023-04-10 11:52:26.705 [info] > git rev-parse --show-toplevel [4ms]
2023-04-10 11:52:26.705 [info] fatal: not a git repository (or any of the parent directories): .git
2023-04-10 11:52:26.711 [info] > git rev-parse --show-toplevel [1ms]
2023-04-10 11:52:26.711 [info] fatal: not a git repository (or any of the parent directories): .git
2023-04-10 11:52:26.716 [info] > git rev-parse --show-toplevel [1ms]
2023-04-10 11:52:26.716 [info] fatal: not a git repository (or any of the parent directories): .git
2023-04-10 11:52:26.721 [info] > git rev-parse --show-toplevel [1ms]
2023-04-10 11:52:26.721 [info] fatal: not a git repository (or any of the parent directories): .git
2023-04-10 11:52:26.727 [info] > git rev-parse --show-toplevel [0ms]
2023-04-10 11:52:26.727 [info] fatal: not a git repository (or any of the parent directories): .git
2023-04-10 11:52:26.733 [info] > git rev-parse --show-toplevel [1ms]
2023-04-10 11:52:26.733 [info] fatal: not a git repository (or any of the parent directories): .git
2023-04-10 11:52:26.738 [info] > git rev-parse --show-toplevel [1ms]
2023-04-10 11:52:26.738 [info] fatal: not a git repository (or any of the parent directories): .git
2023-04-10 11:52:26.752 [info] > git rev-parse --show-toplevel [8ms]
2023-04-10 11:52:26.752 [info] fatal: not a git repository (or any of the parent directories): .git
2023-04-10 11:52:26.758 [info] > git rev-parse --show-toplevel [2ms]
2023-04-10 11:52:26.758 [info] fatal: not a git repository (or any of the parent directories): .git
2023-04-10 11:52:26.764 [info] > git rev-parse --show-toplevel [1ms]
2023-04-10 11:52:26.764 [info] fatal: not a git repository (or any of the parent directories): .git
2023-04-10 11:52:26.769 [info] > git rev-parse --show-toplevel [1ms]
2023-04-10 11:52:26.769 [info] fatal: not a git repository (or any of the parent directories): .git
2023-04-10 11:52:26.774 [info] > git rev-parse --show-toplevel [1ms]
2023-04-10 11:52:26.774 [info] fatal: not a git repository (or any of the parent directories): .git
2023-04-10 11:52:26.779 [info] > git rev-parse --show-toplevel [1ms]
2023-04-10 11:52:26.779 [info] fatal: not a git repository (or any of the parent directories): .git
2023-04-10 11:52:26.785 [info] > git rev-parse --show-toplevel [1ms]
2023-04-10 11:52:26.785 [info] fatal: not a git repository (or any of the parent directories): .git
2023-04-10 11:52:26.791 [info] > git rev-parse --show-toplevel [1ms]
2023-04-10 11:52:26.791 [info] fatal: not a git repository (or any of the parent directories): .git
2023-04-10 11:52:26.796 [info] > git rev-parse --show-toplevel [1ms]
2023-04-10 11:52:26.796 [info] fatal: not a git repository (or any of the parent directories): .git
2023-04-10 11:52:26.802 [info] > git rev-parse --show-toplevel [1ms]
2023-04-10 11:52:26.802 [info] fatal: not a git repository (or any of the parent directories): .git
2023-04-10 11:52:26.806 [info] > git rev-parse --show-toplevel [0ms]
2023-04-10 11:52:26.807 [info] fatal: not a git repository (or any of the parent directories): .git
2023-04-10 11:52:26.811 [info] > git rev-parse --show-toplevel [1ms]
2023-04-10 11:52:26.811 [info] fatal: not a git repository (or any of the parent directories): .git
2023-04-10 11:52:26.816 [info] > git rev-parse --show-toplevel [0ms]
2023-04-10 11:52:26.816 [info] fatal: not a git repository (or any of the parent directories): .git
2023-04-10 11:52:26.821 [info] > git rev-parse --show-toplevel [1ms]
2023-04-10 11:52:26.821 [info] fatal: not a git repository (or any of the parent directories): .git
2023-04-10 11:52:26.827 [info] > git rev-parse --show-toplevel [0ms]
2023-04-10 11:52:26.827 [info] fatal: not a git repository (or any of the parent directories): .git
2023-04-10 11:52:26.831 [info] > git rev-parse --show-toplevel [1ms]
2023-04-10 11:52:26.832 [info] fatal: not a git repository (or any of the parent directories): .git
2023-04-10 11:52:26.836 [info] > git rev-parse --show-toplevel [1ms]
2023-04-10 11:52:26.836 [info] fatal: not a git repository (or any of the parent directories): .git
2023-04-10 11:52:26.841 [info] > git rev-parse --show-toplevel [1ms]
2023-04-10 11:52:26.841 [info] fatal: not a git repository (or any of the parent directories): .git
2023-04-10 11:52:26.846 [info] > git rev-parse --show-toplevel [1ms]
2023-04-10 11:52:26.846 [info] fatal: not a git repository (or any of the parent directories): .git
2023-04-10 11:52:26.871 [info] > git rev-parse --show-toplevel [1ms]
2023-04-10 11:52:26.871 [info] fatal: not a git repository (or any of the parent directories): .git
2023-04-10 11:54:25.229 [info] > git rev-parse --show-toplevel [1ms]
2023-04-10 11:54:25.229 [info] fatal: not a git repository (or any of the parent directories): .git
2023-04-10 11:54:31.047 [info] > git rev-parse --show-toplevel [2ms]
2023-04-10 11:54:31.047 [info] fatal: not a git repository (or any of the parent directories): .git
2023-04-10 11:55:06.335 [info] > git rev-parse --show-toplevel [2ms]
2023-04-10 11:55:06.335 [info] fatal: not a git repository (or any of the parent directories): .git
2023-04-10 11:55:40.091 [info] > git rev-parse --show-toplevel [1ms]
2023-04-10 11:55:40.091 [info] fatal: not a git repository (or any of the parent directories): .git
2023-04-10 11:55:40.682 [info] > git rev-parse --show-toplevel [1ms]
2023-04-10 11:55:40.682 [info] fatal: not a git repository (or any of the parent directories): .git
2023-04-10 11:55:41.278 [info] > git rev-parse --show-toplevel [2ms]
2023-04-10 11:55:41.278 [info] fatal: not a git repository (or any of the parent directories): .git
2023-04-10 11:55:55.380 [info] > git rev-parse --show-toplevel [1ms]
2023-04-10 11:55:55.380 [info] fatal: not a git repository (or any of the parent directories): .git
2023-04-10 11:55:57.035 [info] > git rev-parse --show-toplevel [1ms]
2023-04-10 11:55:57.035 [info] fatal: not a git repository (or any of the parent directories): .git
2023-04-10 11:55:58.039 [info] > git rev-parse --show-toplevel [6ms]
2023-04-10 11:55:58.039 [info] fatal: not a git repository (or any of the parent directories): .git
2023-04-10 11:56:02.560 [info] > git rev-parse --show-toplevel [2ms]
2023-04-10 11:56:02.560 [info] fatal: not a git repository (or any of the parent directories): .git
2023-04-10 11:56:03.970 [info] > git rev-parse --show-toplevel [1ms]
2023-04-10 11:56:03.970 [info] fatal: not a git repository (or any of the parent directories): .git
2023-04-10 11:58:32.867 [info] > git rev-parse --show-toplevel [1ms]
2023-04-10 11:58:32.867 [info] fatal: not a git repository (or any of the parent directories): .git
2023-04-10 11:58:45.810 [info] > git rev-parse --show-toplevel [1ms]
2023-04-10 11:58:45.810 [info] fatal: not a git repository (or any of the parent directories): .git
2023-04-10 11:59:40.095 [info] > git rev-parse --show-toplevel [2ms]
2023-04-10 11:59:40.095 [info] fatal: not a git repository (or any of the parent directories): .git
2023-04-10 11:59:41.635 [info] > git rev-parse --show-toplevel [2ms]
2023-04-10 11:59:41.635 [info] fatal: not a git repository (or any of the parent directories): .git
2023-04-10 11:59:43.604 [info] > git rev-parse --show-toplevel [1ms]
2023-04-10 11:59:43.604 [info] fatal: not a git repository (or any of the parent directories): .git
2023-04-10 11:59:46.298 [info] > git rev-parse --show-toplevel [1ms]
2023-04-10 11:59:46.298 [info] fatal: not a git repository (or any of the parent directories): .git
2023-04-10 12:03:18.255 [info] > git rev-parse --show-toplevel [2ms]
2023-04-10 12:03:18.255 [info] fatal: not a git repository (or any of the parent directories): .git
2023-04-10 12:04:22.671 [info] > git rev-parse --show-toplevel [2ms]
2023-04-10 12:04:22.671 [info] fatal: not a git repository (or any of the parent directories): .git
2023-04-10 12:04:23.301 [info] > git rev-parse --show-toplevel [1ms]
2023-04-10 12:04:23.302 [info] fatal: not a git repository (or any of the parent directories): .git
2023-04-10 12:04:23.852 [info] > git rev-parse --show-toplevel [1ms]
2023-04-10 12:04:23.852 [info] fatal: not a git repository (or any of the parent directories): .git
2023-04-10 12:04:27.398 [info] > git rev-parse --show-toplevel [1ms]
2023-04-10 12:04:27.398 [info] fatal: not a git repository (or any of the parent directories): .git
2023-04-10 12:05:44.299 [info] > git rev-parse --show-toplevel [1ms]
2023-04-10 12:05:44.299 [info] fatal: not a git repository (or any of the parent directories): .git
2023-04-10 12:05:45.564 [info] > git rev-parse --show-toplevel [1ms]
2023-04-10 12:05:45.564 [info] fatal: not a git repository (or any of the parent directories): .git
2023-04-10 12:06:06.908 [info] > git rev-parse --show-toplevel [1ms]
2023-04-10 12:06:06.908 [info] fatal: not a git repository (or any of the parent directories): .git
2023-04-10 12:06:12.779 [info] > git rev-parse --show-toplevel [1ms]
2023-04-10 12:06:12.779 [info] fatal: not a git repository (or any of the parent directories): .git
2023-04-10 12:07:07.456 [info] > git rev-parse --show-toplevel [1ms]
2023-04-10 12:07:07.456 [info] fatal: not a git repository (or any of the parent directories): .git
2023-04-10 12:07:14.292 [info] > git rev-parse --show-toplevel [2ms]
2023-04-10 12:07:14.292 [info] fatal: not a git repository (or any of the parent directories): .git
2023-04-10 12:21:15.867 [info] > git rev-parse --show-toplevel [1ms]
2023-04-10 12:21:15.867 [info] fatal: not a git repository (or any of the parent directories): .git
2023-04-10 12:21:17.091 [info] > git rev-parse --show-toplevel [1ms]
2023-04-10 12:21:17.091 [info] fatal: not a git repository (or any of the parent directories): .git
2023-04-10 12:25:22.698 [info] > git rev-parse --show-toplevel [1ms]
2023-04-10 12:25:22.698 [info] fatal: not a git repository (or any of the parent directories): .git
2023-04-10 12:25:28.635 [info] > git rev-parse --show-toplevel [1ms]
2023-04-10 12:25:28.635 [info] fatal: not a git repository (or any of the parent directories): .git
2023-04-10 12:25:32.782 [info] > git rev-parse --show-toplevel [1ms]
2023-04-10 12:25:32.782 [info] fatal: not a git repository (or any of the parent directories): .git
2023-04-10 12:25:37.428 [info] > git rev-parse --show-toplevel [1ms]
2023-04-10 12:25:37.428 [info] fatal: not a git repository (or any of the parent directories): .git
2023-04-10 12:26:54.336 [info] > git rev-parse --show-toplevel [2ms]
2023-04-10 12:26:54.336 [info] fatal: not a git repository (or any of the parent directories): .git
2023-04-10 12:27:07.537 [info] > git rev-parse --show-toplevel [1ms]
2023-04-10 12:27:07.537 [info] fatal: not a git repository (or any of the parent directories): .git
2023-04-10 12:27:14.770 [info] > git rev-parse --show-toplevel [0ms]
2023-04-10 12:27:14.771 [info] fatal: not a git repository (or any of the parent directories): .git
2023-04-10 12:27:20.451 [info] > git rev-parse --show-toplevel [2ms]
2023-04-10 12:27:20.451 [info] fatal: not a git repository (or any of the parent directories): .git
2023-04-10 12:28:16.377 [info] > git rev-parse --show-toplevel [1ms]
2023-04-10 12:28:16.377 [info] fatal: not a git repository (or any of the parent directories): .git
2023-04-10 12:28:19.668 [info] > git rev-parse --show-toplevel [1ms]
2023-04-10 12:28:19.668 [info] fatal: not a git repository (or any of the parent directories): .git
2023-04-10 12:29:16.454 [info] > git rev-parse --show-toplevel [1ms]
2023-04-10 12:29:16.454 [info] fatal: not a git repository (or any of the parent directories): .git
2023-04-10 12:29:24.812 [info] > git rev-parse --show-toplevel [1ms]
2023-04-10 12:29:24.812 [info] fatal: not a git repository (or any of the parent directories): .git
2023-04-10 12:29:50.393 [info] > git rev-parse --show-toplevel [1ms]
2023-04-10 12:29:50.393 [info] fatal: not a git repository (or any of the parent directories): .git
2023-04-10 12:30:00.557 [info] > git rev-parse --show-toplevel [1ms]
2023-04-10 12:30:00.557 [info] fatal: not a git repository (or any of the parent directories): .git
2023-04-10 12:30:12.699 [info] > git rev-parse --show-toplevel [1ms]
2023-04-10 12:30:12.699 [info] fatal: not a git repository (or any of the parent directories): .git
2023-04-10 12:30:21.738 [info] > git rev-parse --show-toplevel [1ms]
2023-04-10 12:30:21.738 [info] fatal: not a git repository (or any of the parent directories): .git
2023-04-10 12:30:36.323 [info] > git rev-parse --show-toplevel [1ms]
2023-04-10 12:30:36.323 [info] fatal: not a git repository (or any of the parent directories): .git
2023-04-10 12:30:39.888 [info] > git rev-parse --show-toplevel [1ms]
2023-04-10 12:30:39.888 [info] fatal: not a git repository (or any of the parent directories): .git
2023-04-10 12:31:01.840 [info] > git rev-parse --show-toplevel [1ms]
2023-04-10 12:31:01.840 [info] fatal: not a git repository (or any of the parent directories): .git
2023-04-10 12:31:06.602 [info] > git rev-parse --show-toplevel [1ms]
2023-04-10 12:31:06.603 [info] fatal: not a git repository (or any of the parent directories): .git
2023-04-10 12:32:19.358 [info] > git rev-parse --show-toplevel [1ms]
2023-04-10 12:32:19.358 [info] fatal: not a git repository (or any of the parent directories): .git
2023-04-10 12:32:23.297 [info] > git rev-parse --show-toplevel [1ms]
2023-04-10 12:32:23.297 [info] fatal: not a git repository (or any of the parent directories): .git
2023-04-10 12:35:20.659 [info] > git rev-parse --show-toplevel [1ms]
2023-04-10 12:35:20.659 [info] fatal: not a git repository (or any of the parent directories): .git
2023-04-10 12:35:26.730 [info] > git rev-parse --show-toplevel [1ms]
2023-04-10 12:35:26.730 [info] fatal: not a git repository (or any of the parent directories): .git
2023-04-10 12:36:49.762 [info] > git rev-parse --show-toplevel [1ms]
2023-04-10 12:36:49.762 [info] fatal: not a git repository (or any of the parent directories): .git
2023-04-10 12:36:53.422 [info] > git rev-parse --show-toplevel [1ms]
2023-04-10 12:36:53.422 [info] fatal: not a git repository (or any of the parent directories): .git
2023-04-10 12:38:10.915 [info] > git rev-parse --show-toplevel [1ms]
2023-04-10 12:38:10.915 [info] fatal: not a git repository (or any of the parent directories): .git
2023-04-10 12:38:15.452 [info] > git rev-parse --show-toplevel [1ms]
2023-04-10 12:38:15.452 [info] fatal: not a git repository (or any of the parent directories): .git
