2023-04-10 11:42:41.179 [info] Extension host with pid 95502 started
2023-04-10 11:42:41.218 [info] ExtensionService#_doActivateExtension vscode.emmet, startup: false, activationEvent: 'onLanguage'
2023-04-10 11:42:41.236 [info] ExtensionService#_doActivateExtension vscode.git-base, startup: true, activationEvent: '*'
2023-04-10 11:42:41.249 [info] ExtensionService#_doActivateExtension vscode.github, startup: true, activationEvent: '*'
2023-04-10 11:42:41.255 [info] Eager extensions activated
2023-04-10 11:42:41.258 [info] ExtensionService#_doActivateExtension vscode.debug-auto-launch, startup: false, activationEvent: 'onStartupFinished'
2023-04-10 11:42:41.258 [info] ExtensionService#_doActivateExtension vscode.merge-conflict, startup: false, activationEvent: 'onStartupFinished'
2023-04-10 11:42:41.258 [info] ExtensionService#_doActivateExtension monokai.theme-monokai-pro-vscode, startup: false, activationEvent: 'onStartupFinished'
2023-04-10 11:42:55.282 [info] Extension host terminating: received terminate message from renderer
2023-04-10 11:42:55.286 [info] Extension host with pid 95502 exiting with code 0
2023-04-10 11:42:56.462 [info] Extension host with pid 95606 started
2023-04-10 11:42:56.462 [info] Skipping acquiring lock for /home/nix/.config/VSCodium/User/workspaceStorage/51246621b2c431821ca8176b1f54ff3b.
2023-04-10 11:42:56.579 [info] ExtensionService#_doActivateExtension vscode.emmet, startup: false, activationEvent: 'onLanguage'
2023-04-10 11:42:56.579 [info] ExtensionService#_doActivateExtension sumneko.lua, startup: false, activationEvent: 'onLanguage:lua'
2023-04-10 11:42:56.899 [info] ExtensionService#_doActivateExtension vscode.git-base, startup: true, activationEvent: '*', root cause: vscode.git
2023-04-10 11:42:56.906 [info] ExtensionService#_doActivateExtension vscode.git, startup: true, activationEvent: '*'
2023-04-10 11:42:56.906 [info] ExtensionService#_doActivateExtension vscode.github, startup: true, activationEvent: '*'
2023-04-10 11:42:56.952 [info] Eager extensions activated
2023-04-10 11:42:56.979 [info] ExtensionService#_doActivateExtension vscode.debug-auto-launch, startup: false, activationEvent: 'onStartupFinished'
2023-04-10 11:42:56.979 [info] ExtensionService#_doActivateExtension vscode.merge-conflict, startup: false, activationEvent: 'onStartupFinished'
2023-04-10 11:42:56.979 [info] ExtensionService#_doActivateExtension monokai.theme-monokai-pro-vscode, startup: false, activationEvent: 'onStartupFinished'
2023-04-10 11:43:02.493 [info] ExtensionService#_doActivateExtension vscode.npm, startup: false, activationEvent: 'onLanguage:properties'
2023-04-10 11:44:01.718 [info] Extension host terminating: received terminate message from renderer
2023-04-10 11:44:01.724 [info] Extension host with pid 95606 exiting with code 0
