2023-04-09 21:32:31.088 [info] Extension host with pid 91641 started
2023-04-09 21:32:31.161 [info] ExtensionService#_doActivateExtension vscode.git-base, startup: true, activationEvent: '*', root cause: vscode.git
2023-04-09 21:32:31.174 [info] ExtensionService#_doActivateExtension vscode.git, startup: true, activationEvent: '*'
2023-04-09 21:32:31.174 [info] ExtensionService#_doActivateExtension vscode.github, startup: true, activationEvent: '*'
2023-04-09 21:32:31.216 [info] Eager extensions activated
2023-04-09 21:32:31.262 [info] ExtensionService#_doActivateExtension vscode.debug-auto-launch, startup: false, activationEvent: 'onStartupFinished'
2023-04-09 21:32:31.263 [info] ExtensionService#_doActivateExtension vscode.merge-conflict, startup: false, activationEvent: 'onStartupFinished'
2023-04-09 21:32:31.263 [info] ExtensionService#_doActivateExtension monokai.theme-monokai-pro-vscode, startup: false, activationEvent: 'onStartupFinished'
2023-04-09 21:32:48.509 [info] Extension host terminating: received terminate message from renderer
2023-04-09 21:32:48.513 [info] Extension host with pid 91641 exiting with code 0
2023-04-09 21:32:49.566 [info] Extension host with pid 91721 started
2023-04-09 21:32:49.566 [info] Skipping acquiring lock for /home/nix/.config/VSCodium/User/workspaceStorage/51246621b2c431821ca8176b1f54ff3b.
2023-04-09 21:32:49.721 [info] ExtensionService#_doActivateExtension vscode.emmet, startup: false, activationEvent: 'onLanguage'
2023-04-09 21:32:49.721 [info] ExtensionService#_doActivateExtension sumneko.lua, startup: false, activationEvent: 'onLanguage:lua'
2023-04-09 21:32:49.945 [info] ExtensionService#_doActivateExtension vscode.git-base, startup: true, activationEvent: '*', root cause: vscode.git
2023-04-09 21:32:49.998 [info] ExtensionService#_doActivateExtension vscode.git, startup: true, activationEvent: '*'
2023-04-09 21:32:49.999 [info] ExtensionService#_doActivateExtension vscode.github, startup: true, activationEvent: '*'
2023-04-09 21:32:50.057 [info] Eager extensions activated
2023-04-09 21:32:50.068 [info] ExtensionService#_doActivateExtension vscode.debug-auto-launch, startup: false, activationEvent: 'onStartupFinished'
2023-04-09 21:32:50.068 [info] ExtensionService#_doActivateExtension vscode.merge-conflict, startup: false, activationEvent: 'onStartupFinished'
2023-04-09 21:32:50.068 [info] ExtensionService#_doActivateExtension monokai.theme-monokai-pro-vscode, startup: false, activationEvent: 'onStartupFinished'
2023-04-09 21:32:55.622 [info] Extension host terminating: received terminate message from renderer
2023-04-09 21:32:55.651 [info] Extension host with pid 91721 exiting with code 0
