2023-04-09 21:17:05.594 [info] Log level: Info
2023-04-09 21:17:05.594 [info] Validating found git in: "git"
2023-04-09 21:17:05.594 [info] Using git "2.40.0" from "git"
2023-04-09 21:17:05.594 [info] > git rev-parse --show-toplevel [4ms]
2023-04-09 21:17:05.594 [info] fatal: not a git repository (or any of the parent directories): .git
2023-04-09 21:17:05.595 [info] > git rev-parse --show-toplevel [21ms]
2023-04-09 21:17:05.595 [info] fatal: not a git repository (or any of the parent directories): .git
2023-04-09 21:17:05.605 [info] > git rev-parse --show-toplevel [4ms]
2023-04-09 21:17:05.605 [info] fatal: not a git repository (or any of the parent directories): .git
2023-04-09 21:17:05.611 [info] > git rev-parse --show-toplevel [2ms]
2023-04-09 21:17:05.611 [info] fatal: not a git repository (or any of the parent directories): .git
2023-04-09 21:17:05.616 [info] > git rev-parse --show-toplevel [1ms]
2023-04-09 21:17:05.617 [info] fatal: not a git repository (or any of the parent directories): .git
2023-04-09 21:17:05.621 [info] > git rev-parse --show-toplevel [0ms]
2023-04-09 21:17:05.621 [info] fatal: not a git repository (or any of the parent directories): .git
2023-04-09 21:17:05.627 [info] > git rev-parse --show-toplevel [1ms]
2023-04-09 21:17:05.627 [info] fatal: not a git repository (or any of the parent directories): .git
2023-04-09 21:17:05.632 [info] > git rev-parse --show-toplevel [1ms]
2023-04-09 21:17:05.632 [info] fatal: not a git repository (or any of the parent directories): .git
2023-04-09 21:17:05.638 [info] > git rev-parse --show-toplevel [1ms]
2023-04-09 21:17:05.638 [info] fatal: not a git repository (or any of the parent directories): .git
2023-04-09 21:17:05.643 [info] > git rev-parse --show-toplevel [1ms]
2023-04-09 21:17:05.643 [info] fatal: not a git repository (or any of the parent directories): .git
2023-04-09 21:17:05.648 [info] > git rev-parse --show-toplevel [1ms]
2023-04-09 21:17:05.648 [info] fatal: not a git repository (or any of the parent directories): .git
2023-04-09 21:17:05.653 [info] > git rev-parse --show-toplevel [1ms]
2023-04-09 21:17:05.653 [info] fatal: not a git repository (or any of the parent directories): .git
2023-04-09 21:17:05.658 [info] > git rev-parse --show-toplevel [1ms]
2023-04-09 21:17:05.658 [info] fatal: not a git repository (or any of the parent directories): .git
2023-04-09 21:17:05.668 [info] > git rev-parse --show-toplevel [6ms]
2023-04-09 21:17:05.668 [info] fatal: not a git repository (or any of the parent directories): .git
2023-04-09 21:17:05.673 [info] > git rev-parse --show-toplevel [1ms]
2023-04-09 21:17:05.673 [info] fatal: not a git repository (or any of the parent directories): .git
2023-04-09 21:17:05.677 [info] > git rev-parse --show-toplevel [1ms]
2023-04-09 21:17:05.677 [info] fatal: not a git repository (or any of the parent directories): .git
2023-04-09 21:17:05.682 [info] > git rev-parse --show-toplevel [1ms]
2023-04-09 21:17:05.682 [info] fatal: not a git repository (or any of the parent directories): .git
2023-04-09 21:17:05.688 [info] > git rev-parse --show-toplevel [1ms]
2023-04-09 21:17:05.688 [info] fatal: not a git repository (or any of the parent directories): .git
2023-04-09 21:17:05.693 [info] > git rev-parse --show-toplevel [1ms]
2023-04-09 21:17:05.693 [info] fatal: not a git repository (or any of the parent directories): .git
2023-04-09 21:17:05.698 [info] > git rev-parse --show-toplevel [1ms]
2023-04-09 21:17:05.698 [info] fatal: not a git repository (or any of the parent directories): .git
2023-04-09 21:17:05.703 [info] > git rev-parse --show-toplevel [1ms]
2023-04-09 21:17:05.703 [info] fatal: not a git repository (or any of the parent directories): .git
2023-04-09 21:17:06.120 [info] > git rev-parse --show-toplevel [0ms]
2023-04-09 21:17:06.120 [info] fatal: not a git repository (or any of the parent directories): .git
2023-04-09 21:17:09.169 [info] > git rev-parse --show-toplevel [1ms]
2023-04-09 21:17:09.169 [info] fatal: not a git repository (or any of the parent directories): .git
2023-04-09 21:17:19.625 [info] > git rev-parse --show-toplevel [2ms]
2023-04-09 21:17:19.625 [info] fatal: not a git repository (or any of the parent directories): .git
