2023-04-10 13:05:26.623 [info] Added views:workbench.panel.markers.view in workbench.panel.markers
2023-04-10 13:05:26.623 [info] Added views:workbench.panel.output in workbench.panel.output
2023-04-10 13:05:26.623 [info] Added views:terminal in terminal
2023-04-10 13:05:26.623 [info] Added views:outline in workbench.view.explorer
2023-04-10 13:05:26.623 [info] Added views:workbench.scm in workbench.view.scm
2023-04-10 13:05:26.623 [info] Added views:workbench.view.search in workbench.view.search
2023-04-10 13:05:26.623 [info] Added views:timeline in workbench.view.explorer
2023-04-10 13:05:26.623 [info] Added views:workbench.explorer.fileView in workbench.view.explorer
2023-04-10 13:05:26.748 [info] Added views:workbench.debug.welcome in workbench.view.debug
2023-04-10 13:05:27.385 [info] Added views:workbench.panel.repl.view in workbench.panel.repl
2023-04-10 13:05:27.751 [info] Added views:workbench.view.testing in workbench.view.extension.test
2023-04-10 13:14:10.499 [info] Added views:workbench.views.extensions.installed,workbench.views.extensions.popular,extensions.recommendedList in workbench.view.extensions
2023-04-10 13:14:10.502 [info] Removed views:workbench.views.extensions.popular from workbench.view.extensions
2023-04-10 13:15:32.035 [info] Removed views:workbench.view.testing from workbench.view.extension.test
2023-04-10 13:15:32.904 [info] Added views:workbench.panel.markers.view in workbench.panel.markers
2023-04-10 13:15:32.904 [info] Added views:workbench.panel.output in workbench.panel.output
2023-04-10 13:15:32.904 [info] Added views:terminal in terminal
2023-04-10 13:15:32.904 [info] Added views:outline in workbench.view.explorer
2023-04-10 13:15:32.904 [info] Added views:workbench.scm in workbench.view.scm
2023-04-10 13:15:32.904 [info] Added views:workbench.view.search in workbench.view.search
2023-04-10 13:15:32.904 [info] Added views:timeline in workbench.view.explorer
2023-04-10 13:15:32.904 [info] Added views:workbench.explorer.fileView in workbench.view.explorer
2023-04-10 13:15:33.034 [info] Added views:workbench.debug.welcome in workbench.view.debug
2023-04-10 13:15:33.369 [info] Added views:workbench.panel.repl.view in workbench.panel.repl
2023-04-10 13:16:07.385 [info] Added views:workbench.views.extensions.installed,workbench.views.extensions.popular,extensions.recommendedList in workbench.view.extensions
2023-04-10 13:16:07.400 [info] Removed views:workbench.views.extensions.popular from workbench.view.extensions
