2023-04-10 13:13:00.580 [info] Log level: Info
2023-04-10 13:13:00.580 [info] Validating found git in: "git"
2023-04-10 13:13:00.580 [info] Using git "2.40.0" from "git"
2023-04-10 13:13:00.580 [info] > git rev-parse --show-toplevel [3ms]
2023-04-10 13:13:00.580 [info] > git rev-parse --git-dir --git-common-dir [1ms]
2023-04-10 13:13:00.580 [info] Open repository: /home/nix/Dot-Files
2023-04-10 13:13:00.580 [info] > git rev-parse --show-toplevel [6ms]
2023-04-10 13:13:00.580 [info] > git config --get commit.template [5ms]
2023-04-10 13:13:00.580 [info] > git rev-parse --git-dir --git-common-dir [2ms]
2023-04-10 13:13:00.580 [info] Open repository: /home/nix/Dot-Files/.config
2023-04-10 13:13:00.580 [info] > git for-each-ref --format=%(refname)%00%(upstream:short)%00%(objectname)%00%(upstream:track)%00%(upstream:remotename)%00%(upstream:remoteref) refs/heads/main refs/remotes/main [6ms]
2023-04-10 13:13:00.580 [info] > git status -z -uall [17ms]
2023-04-10 13:13:00.580 [info] > git config --get commit.template [23ms]
2023-04-10 13:13:00.580 [info] > git for-each-ref --format=%(refname)%00%(upstream:short)%00%(objectname)%00%(upstream:track)%00%(upstream:remotename)%00%(upstream:remoteref) refs/heads/main refs/remotes/main [9ms]
2023-04-10 13:13:00.580 [info] > git config --get commit.template [5ms]
2023-04-10 13:13:00.580 [info] > git for-each-ref --format=%(refname)%00%(upstream:short)%00%(objectname)%00%(upstream:track)%00%(upstream:remotename)%00%(upstream:remoteref) refs/heads/main refs/remotes/main [3ms]
2023-04-10 13:13:00.580 [info] > git status -z -uall [2ms]
2023-04-10 13:13:01.038 [info] > git check-ignore -v -z --stdin [4ms]
2023-04-10 13:13:01.038 [info] > git check-ignore -v -z --stdin [1ms]
2023-04-10 13:13:03.877 [info] > git status -z -uall [3353ms]
2023-04-10 13:13:03.891 [info] > git config --get commit.template [6ms]
2023-04-10 13:13:03.891 [info] > git for-each-ref --format=%(refname)%00%(upstream:short)%00%(objectname)%00%(upstream:track)%00%(upstream:remotename)%00%(upstream:remoteref) refs/heads/main refs/remotes/main [2ms]
2023-04-10 13:13:04.681 [info] > git check-ignore -v -z --stdin [5ms]
