2023-04-10 13:05:27.902 [info] Log level: Info
2023-04-10 13:05:27.902 [info] Validating found git in: "git"
2023-04-10 13:05:27.902 [info] Using git "2.40.0" from "git"
2023-04-10 13:05:27.902 [info] > git rev-parse --show-toplevel [4ms]
2023-04-10 13:05:27.908 [info] > git rev-parse --git-dir --git-common-dir [0ms]
2023-04-10 13:05:27.917 [info] Open repository: /home/nix/.config
2023-04-10 13:05:27.950 [info] > git config --get commit.template [3ms]
2023-04-10 13:05:27.950 [info] > git rev-parse --show-toplevel [28ms]
2023-04-10 13:05:27.968 [info] > git rev-parse --show-toplevel [12ms]
2023-04-10 13:05:27.977 [info] > git for-each-ref --format=%(refname)%00%(upstream:short)%00%(objectname)%00%(upstream:track)%00%(upstream:remotename)%00%(upstream:remoteref) refs/heads/main refs/remotes/main [11ms]
2023-04-10 13:05:27.991 [info] > git rev-parse --show-toplevel [18ms]
2023-04-10 13:05:27.996 [info] > git rev-parse --show-toplevel [1ms]
2023-04-10 13:05:28.001 [info] > git rev-parse --git-dir --git-common-dir [1ms]
2023-04-10 13:05:28.004 [info] Open repository: /home/nix/.config/DotFiles
2023-04-10 13:05:28.016 [info] > git status -z -uall [33ms]
2023-04-10 13:05:28.016 [info] > git config --get commit.template [3ms]
2023-04-10 13:05:28.023 [info] > git rev-parse --show-toplevel [15ms]
2023-04-10 13:05:28.039 [info] No remotes found in the git config file.
2023-04-10 13:05:28.040 [info] > git config --get commit.template [8ms]
2023-04-10 13:05:28.040 [info] > git rev-parse --show-toplevel [13ms]
2023-04-10 13:05:28.047 [info] > git for-each-ref --format=%(refname)%00%(upstream:short)%00%(objectname)%00%(upstream:track)%00%(upstream:remotename)%00%(upstream:remoteref) refs/heads/main refs/remotes/main [8ms]
2023-04-10 13:05:28.059 [info] > git status -z -uall [6ms]
2023-04-10 13:05:28.060 [info] > git rev-parse --show-toplevel [14ms]
2023-04-10 13:05:28.065 [info] > git for-each-ref --format=%(refname)%00%(upstream:short)%00%(objectname)%00%(upstream:track)%00%(upstream:remotename)%00%(upstream:remoteref) refs/heads/main refs/remotes/main [8ms]
2023-04-10 13:05:28.077 [info] > git rev-parse --show-toplevel [13ms]
2023-04-10 13:05:28.082 [info] > git config --get commit.template [6ms]
2023-04-10 13:05:28.082 [info] > git rev-parse --show-toplevel [1ms]
2023-04-10 13:05:28.091 [info] No remotes found in the git config file.
2023-04-10 13:05:28.092 [info] > git rev-parse --show-toplevel [5ms]
2023-04-10 13:05:28.096 [info] > git status -z -uall [26ms]
2023-04-10 13:05:28.098 [info] > git for-each-ref --format=%(refname)%00%(upstream:short)%00%(objectname)%00%(upstream:track)%00%(upstream:remotename)%00%(upstream:remoteref) refs/heads/main refs/remotes/main [7ms]
2023-04-10 13:05:28.104 [info] > git rev-parse --show-toplevel [9ms]
2023-04-10 13:05:28.109 [info] > git status -z -uall [6ms]
2023-04-10 13:05:28.110 [info] > git rev-parse --show-toplevel [2ms]
2023-04-10 13:05:28.116 [info] > git rev-parse --show-toplevel [1ms]
2023-04-10 13:05:28.122 [info] > git rev-parse --show-toplevel [1ms]
2023-04-10 13:05:28.126 [info] > git rev-parse --show-toplevel [1ms]
2023-04-10 13:05:28.131 [info] > git rev-parse --show-toplevel [1ms]
2023-04-10 13:05:28.136 [info] > git rev-parse --show-toplevel [1ms]
2023-04-10 13:05:28.141 [info] > git rev-parse --show-toplevel [1ms]
2023-04-10 13:05:28.145 [info] > git rev-parse --show-toplevel [0ms]
2023-04-10 13:05:28.151 [info] > git rev-parse --show-toplevel [0ms]
2023-04-10 13:05:28.156 [info] > git rev-parse --show-toplevel [1ms]
2023-04-10 13:05:28.161 [info] > git rev-parse --show-toplevel [1ms]
2023-04-10 13:05:28.167 [info] > git rev-parse --show-toplevel [0ms]
2023-04-10 13:05:28.172 [info] > git rev-parse --show-toplevel [1ms]
2023-04-10 13:05:28.177 [info] > git rev-parse --show-toplevel [1ms]
2023-04-10 13:05:28.182 [info] > git rev-parse --show-toplevel [0ms]
2023-04-10 13:05:28.186 [info] > git rev-parse --show-toplevel [1ms]
2023-04-10 13:05:28.191 [info] > git rev-parse --show-toplevel [1ms]
2023-04-10 13:05:28.196 [info] > git rev-parse --show-toplevel [1ms]
2023-04-10 13:05:28.432 [info] > git show --textconv :spicetify/Themes/Base/color.ini [6ms]
2023-04-10 13:05:28.433 [info] > git ls-files --stage -- /home/nix/.config/spicetify/Themes/Base/color.ini [2ms]
2023-04-10 13:05:28.438 [info] > git cat-file -s fe159bc3a551b2252aec46e10962ace30c238c05 [1ms]
2023-04-10 13:05:28.546 [info] > git check-ignore -v -z --stdin [6ms]
2023-04-10 13:05:28.548 [info] > git check-ignore -v -z --stdin [3ms]
2023-04-10 13:05:36.722 [info] > git config --get commit.template [11ms]
2023-04-10 13:05:36.724 [info] > git for-each-ref --format=%(refname)%00%(upstream:short)%00%(objectname)%00%(upstream:track)%00%(upstream:remotename)%00%(upstream:remoteref) refs/heads/main refs/remotes/main [2ms]
2023-04-10 13:05:36.756 [info] > git status -z -uall [26ms]
2023-04-10 13:05:37.258 [info] > git check-ignore -v -z --stdin [3ms]
2023-04-10 13:05:41.781 [info] > git config --get commit.template [6ms]
2023-04-10 13:05:41.781 [info] > git for-each-ref --format=%(refname)%00%(upstream:short)%00%(objectname)%00%(upstream:track)%00%(upstream:remotename)%00%(upstream:remoteref) refs/heads/main refs/remotes/main [1ms]
2023-04-10 13:05:41.811 [info] > git status -z -uall [25ms]
2023-04-10 13:05:42.330 [info] > git check-ignore -v -z --stdin [3ms]
2023-04-10 13:05:53.511 [info] > git config --get commit.template [5ms]
2023-04-10 13:05:53.511 [info] > git for-each-ref --format=%(refname)%00%(upstream:short)%00%(objectname)%00%(upstream:track)%00%(upstream:remotename)%00%(upstream:remoteref) refs/heads/main refs/remotes/main [1ms]
2023-04-10 13:05:53.540 [info] > git status -z -uall [23ms]
2023-04-10 13:06:01.342 [info] > git check-ignore -v -z --stdin [2ms]
2023-04-10 13:06:05.405 [warning] ENOENT: no such file or directory, open '/home/nix/.config/DotFiles/.git/HEAD'
2023-04-10 13:06:05.413 [warning] getRemotes() - ENOENT: no such file or directory, open '/home/nix/.config/DotFiles/.git/config'
2023-04-10 13:06:05.422 [warning] ENOENT: no such file or directory, open '/home/nix/.config/DotFiles/.git/HEAD'
2023-04-10 13:06:05.428 [warning] getRemotes() - ENOENT: no such file or directory, open '/home/nix/.config/DotFiles/.git/config'
2023-04-10 13:06:05.433 [info] > git config --get commit.template [32ms]
2023-04-10 13:06:05.438 [info] > git for-each-ref --format=%(refname)%00%(upstream:short)%00%(objectname)%00%(upstream:track)%00%(upstream:remotename)%00%(upstream:remoteref) refs/heads/main refs/remotes/main [1ms]
2023-04-10 13:06:05.465 [info] > git status -z -uall [23ms]
2023-04-10 13:06:06.103 [info] > git check-ignore -v -z --stdin [22ms]
2023-04-10 13:06:08.169 [info] > git check-ignore -v -z --stdin [3ms]
2023-04-10 13:06:10.504 [info] > git config --get commit.template [17ms]
2023-04-10 13:06:10.505 [info] > git for-each-ref --format=%(refname)%00%(upstream:short)%00%(objectname)%00%(upstream:track)%00%(upstream:remotename)%00%(upstream:remoteref) refs/heads/main refs/remotes/main [4ms]
2023-04-10 13:06:10.565 [info] > git status -z -uall [46ms]
2023-04-10 13:06:10.856 [info] > git check-ignore -v -z --stdin [4ms]
2023-04-10 13:06:14.334 [info] > git check-ignore -v -z --stdin [4ms]
2023-04-10 13:06:15.592 [info] > git config --get commit.template [5ms]
2023-04-10 13:06:15.593 [info] > git for-each-ref --format=%(refname)%00%(upstream:short)%00%(objectname)%00%(upstream:track)%00%(upstream:remotename)%00%(upstream:remoteref) refs/heads/main refs/remotes/main [1ms]
2023-04-10 13:06:15.628 [info] > git status -z -uall [31ms]
2023-04-10 13:06:20.643 [info] > git config --get commit.template [5ms]
2023-04-10 13:06:20.644 [info] > git for-each-ref --format=%(refname)%00%(upstream:short)%00%(objectname)%00%(upstream:track)%00%(upstream:remotename)%00%(upstream:remoteref) refs/heads/main refs/remotes/main [2ms]
2023-04-10 13:06:20.672 [info] > git status -z -uall [24ms]
2023-04-10 13:06:25.688 [info] > git config --get commit.template [6ms]
2023-04-10 13:06:25.688 [info] > git for-each-ref --format=%(refname)%00%(upstream:short)%00%(objectname)%00%(upstream:track)%00%(upstream:remotename)%00%(upstream:remoteref) refs/heads/main refs/remotes/main [2ms]
2023-04-10 13:06:25.721 [info] > git status -z -uall [29ms]
2023-04-10 13:06:28.216 [info] > git check-ignore -v -z --stdin [2ms]
2023-04-10 13:06:30.737 [info] > git config --get commit.template [4ms]
2023-04-10 13:06:30.738 [info] > git for-each-ref --format=%(refname)%00%(upstream:short)%00%(objectname)%00%(upstream:track)%00%(upstream:remotename)%00%(upstream:remoteref) refs/heads/main refs/remotes/main [1ms]
2023-04-10 13:06:30.767 [info] > git status -z -uall [25ms]
2023-04-10 13:06:37.059 [info] > git config --get commit.template [6ms]
2023-04-10 13:06:37.059 [info] > git for-each-ref --format=%(refname)%00%(upstream:short)%00%(objectname)%00%(upstream:track)%00%(upstream:remotename)%00%(upstream:remoteref) refs/heads/main refs/remotes/main [1ms]
2023-04-10 13:06:37.260 [info] > git status -z -uall [196ms]
2023-04-10 13:06:49.846 [info] > git config --get commit.template [6ms]
2023-04-10 13:06:49.847 [info] > git for-each-ref --format=%(refname)%00%(upstream:short)%00%(objectname)%00%(upstream:track)%00%(upstream:remotename)%00%(upstream:remoteref) refs/heads/main refs/remotes/main [1ms]
2023-04-10 13:06:49.880 [info] > git status -z -uall [29ms]
2023-04-10 13:06:54.900 [info] > git config --get commit.template [6ms]
2023-04-10 13:06:54.900 [info] > git for-each-ref --format=%(refname)%00%(upstream:short)%00%(objectname)%00%(upstream:track)%00%(upstream:remotename)%00%(upstream:remoteref) refs/heads/main refs/remotes/main [1ms]
2023-04-10 13:06:54.928 [info] > git status -z -uall [24ms]
2023-04-10 13:06:55.205 [info] > git add -A -- /home/nix/.config/GitHub Desktop/Cache/Cache_Data/174b8c4b0f29fb5e_0 /home/nix/.config/GitHub Desktop/Cache/Cache_Data/1c4956720a595252_0 /home/nix/.config/GitHub Desktop/Cache/Cache_Data/21cadf06481abd37_0 /home/nix/.config/GitHub Desktop/Cache/Cache_Data/3d06fef3ac66ddda_0 /home/nix/.config/GitHub Desktop/Cache/Cache_Data/44dd123a2c58c04a_0 /home/nix/.config/GitHub Desktop/Cache/Cache_Data/831ec151088eaa53_0 /home/nix/.config/GitHub Desktop/Cache/Cache_Data/8cb6447bf6239bb8_0 /home/nix/.config/GitHub Desktop/Cache/Cache_Data/d8b08866529f0cf6_0 /home/nix/.config/GitHub Desktop/Cache/Cache_Data/index-dir/the-real-index /home/nix/.config/GitHub Desktop/DawnCache/data_1 /home/nix/.config/GitHub Desktop/GPUCache/data_1 /home/nix/.config/GitHub Desktop/IndexedDB/file__0.indexeddb.leveldb/000003.log /home/nix/.config/GitHub Desktop/Local Storage/leveldb/000003.log /home/nix/.config/GitHub Desktop/Network Persistent State /home/nix/.config/GitHub Desktop/TransportSecurity /home/nix/.config/GitHub Desktop/WebStorage/QuotaManager /home/nix/.config/GitHub Desktop/WebStorage/QuotaManager-journal /home/nix/.config/GitHub Desktop/logs/2023-04-10.desktop.production.log /home/nix/.config/VSCodium/Cache/Cache_Data/3d1c84c2754d98a4_0 /home/nix/.config/VSCodium/Cache/Cache_Data/5aee7281aa4317a8_0 /home/nix/.config/VSCodium/Cache/Cache_Data/index-dir/the-real-index /home/nix/.config/VSCodium/GPUCache/index /home/nix/.config/VSCodium/Local Storage/leveldb/LOG /home/nix/.config/VSCodium/Local Storage/leveldb/LOG.old /home/nix/.config/VSCodium/Service Worker/Database/LOG /home/nix/.config/VSCodium/Service Worker/Database/LOG.old /home/nix/.config/VSCodium/TransportSecurity /home/nix/.config/VSCodium/User/globalStorage/state.vscdb /home/nix/.config/VSCodium/User/globalStorage/storage.json /home/nix/.config/VSCodium/User/settings.json /home/nix/.config/VSCodium/User/workspaceStorage/51246621b2c431821ca8176b1f54ff3b/state.vscdb /home/nix/.config/discord/0.0.26/modules/discord_voice/discord-last-webrtc_0 /home/nix/.config/discord/0.0.26/modules/discord_voice/discord-webrtc_0 /home/nix/.config/discord/Cache/Cache_Data/d1cda50799150768_0 /home/nix/.config/discord/Cache/Cache_Data/index-dir/the-real-index /home/nix/.config/discord/Code Cache/js/42ecd91a1c7eaeee_0 /home/nix/.config/discord/Code Cache/js/index-dir/the-real-index /home/nix/.config/discord/Cookies /home/nix/.config/discord/DawnCache/data_1 /home/nix/.config/discord/GPUCache/data_1 /home/nix/.config/discord/Local Storage/leveldb/000008.log /home/nix/.config/discord/Network Persistent State /home/nix/.config/discord/TransportSecurity /home/nix/.config/spicetify/Themes/Base/color.ini /home/nix/.config/xfce4/xfconf/xfce-perchannel-xml/thunar.xml /home/nix/.config/GitHub Desktop/Cache/Cache_Data/13aaa5751f30989c_0 /home/nix/.config/GitHub Desktop/Cache/Cache_Data/2cb675c072f0c467_0 /home/nix/.config/GitHub Desktop/Cache/Cache_Data/30f02f5848eabf12_0 /home/nix/.config/GitHub Desktop/Cache/Cache_Data/6632e68511ad5d40_0 /home/nix/.config/GitHub Desktop/Cache/Cache_Data/780c9d5499e0b39e_0 /home/nix/.config/GitHub Desktop/Cache/Cache_Data/9f62478f4e495062_0 /home/nix/.config/GitHub Desktop/Cache/Cache_Data/c4a9fad858c89c87_0 /home/nix/.config/VSCodium/User/History/1bab3c1b/cBJE.json /home/nix/.config/VSCodium/User/History/279c2480/DCgk.ini /home/nix/.config/VSCodium/code.lock /home/nix/.config/VSCodium/logs/20230410T130525/editSessions.log /home/nix/.config/VSCodium/logs/20230410T130525/main.log /home/nix/.config/VSCodium/logs/20230410T130525/network.log /home/nix/.config/VSCodium/logs/20230410T130525/ptyhost.log /home/nix/.config/VSCodium/logs/20230410T130525/remoteTunnelService.log /home/nix/.config/VSCodium/logs/20230410T130525/sharedprocess.log /home/nix/.config/VSCodium/logs/20230410T130525/userDataSync.log /home/nix/.config/VSCodium/logs/20230410T130525/window1/exthost/extensionTelemetry.log /home/nix/.config/VSCodium/logs/20230410T130525/window1/exthost/exthost.log /home/nix/.config/VSCodium/logs/20230410T130525/window1/exthost/output_logging_20230410T130527/1-Python.log /home/nix/.config/VSCodium/logs/20230410T130525/window1/exthost/output_logging_20230410T130527/2-Python Test Log.log /home/nix/.config/VSCodium/logs/20230410T130525/window1/exthost/output_logging_20230410T130527/3-Python Language Server.log /home/nix/.config/VSCodium/logs/20230410T130525/window1/exthost/output_logging_20230410T130527/4-Lua Addon Manager.log /home/nix/.config/VSCodium/logs/20230410T130525/window1/exthost/output_logging_20230410T130527/5-JSON Language Server.log /home/nix/.config/VSCodium/logs/20230410T130525/window1/exthost/vscode.git/Git.log /home/nix/.config/VSCodium/logs/20230410T130525/window1/notebook.rendering.log /home/nix/.config/VSCodium/logs/20230410T130525/window1/output_20230410T130527/tasks.log /home/nix/.config/VSCodium/logs/20230410T130525/window1/renderer.log /home/nix/.config/VSCodium/logs/20230410T130525/window1/views.log /home/nix/.config/discord/Cache/Cache_Data/a42141ff695714b0_0 [63ms]
2023-04-10 13:06:55.215 [info] > git config --get commit.template [4ms]
2023-04-10 13:06:55.215 [info] > git for-each-ref --format=%(refname)%00%(upstream:short)%00%(objectname)%00%(upstream:track)%00%(upstream:remotename)%00%(upstream:remoteref) refs/heads/main refs/remotes/main [1ms]
2023-04-10 13:06:55.231 [info] > git status -z -uall [12ms]
2023-04-10 13:06:56.535 [info] > git ls-files --stage -- /home/nix/.config/spicetify/Themes/Base/color.ini [1ms]
2023-04-10 13:06:56.540 [info] > git cat-file -s 01e977010d01b6e2ef81972bced3de8f48a9eb4c [1ms]
2023-04-10 13:06:56.548 [info] > git show --textconv :spicetify/Themes/Base/color.ini [2ms]
2023-04-10 13:06:57.352 [info] > git check-ignore -v -z --stdin [6ms]
2023-04-10 13:06:59.954 [info] > git config --get commit.template [6ms]
2023-04-10 13:06:59.954 [info] > git for-each-ref --format=%(refname)%00%(upstream:short)%00%(objectname)%00%(upstream:track)%00%(upstream:remotename)%00%(upstream:remoteref) refs/heads/main refs/remotes/main [1ms]
2023-04-10 13:06:59.970 [info] > git status -z -uall [11ms]
2023-04-10 13:07:02.169 [info] > git check-ignore -v -z --stdin [8ms]
2023-04-10 13:07:04.994 [info] > git config --get commit.template [5ms]
2023-04-10 13:07:04.994 [info] > git for-each-ref --format=%(refname)%00%(upstream:short)%00%(objectname)%00%(upstream:track)%00%(upstream:remotename)%00%(upstream:remoteref) refs/heads/main refs/remotes/main [1ms]
2023-04-10 13:07:05.010 [info] > git status -z -uall [12ms]
2023-04-10 13:07:10.033 [info] > git config --get commit.template [4ms]
2023-04-10 13:07:10.034 [info] > git for-each-ref --format=%(refname)%00%(upstream:short)%00%(objectname)%00%(upstream:track)%00%(upstream:remotename)%00%(upstream:remoteref) refs/heads/main refs/remotes/main [1ms]
2023-04-10 13:07:10.055 [info] > git status -z -uall [18ms]
2023-04-10 13:07:12.960 [info] > git check-ignore -v -z --stdin [8ms]
2023-04-10 13:07:15.070 [info] > git config --get commit.template [4ms]
2023-04-10 13:07:15.071 [info] > git for-each-ref --format=%(refname)%00%(upstream:short)%00%(objectname)%00%(upstream:track)%00%(upstream:remotename)%00%(upstream:remoteref) refs/heads/main refs/remotes/main [1ms]
2023-04-10 13:07:15.094 [info] > git status -z -uall [20ms]
2023-04-10 13:08:13.080 [info] > git config --get commit.template [12ms]
2023-04-10 13:08:13.080 [info] > git for-each-ref --format=%(refname)%00%(upstream:short)%00%(objectname)%00%(upstream:track)%00%(upstream:remotename)%00%(upstream:remoteref) refs/heads/main refs/remotes/main [7ms]
2023-04-10 13:08:13.085 [info] > git ls-files --stage -- /home/nix/.config/spicetify/Themes/Base/color.ini [6ms]
2023-04-10 13:08:13.091 [info] > git cat-file -s 01e977010d01b6e2ef81972bced3de8f48a9eb4c [0ms]
2023-04-10 13:08:13.101 [info] > git show --textconv :spicetify/Themes/Base/color.ini [2ms]
2023-04-10 13:08:13.109 [info] > git status -z -uall [24ms]
2023-04-10 13:11:01.028 [info] > git config --get commit.template [10ms]
2023-04-10 13:11:01.028 [info] > git for-each-ref --format=%(refname)%00%(upstream:short)%00%(objectname)%00%(upstream:track)%00%(upstream:remotename)%00%(upstream:remoteref) refs/heads/main refs/remotes/main [6ms]
2023-04-10 13:11:01.032 [info] > git ls-files --stage -- /home/nix/.config/spicetify/Themes/Base/color.ini [5ms]
2023-04-10 13:11:01.038 [info] > git cat-file -s 01e977010d01b6e2ef81972bced3de8f48a9eb4c [1ms]
2023-04-10 13:11:01.047 [info] > git show --textconv :spicetify/Themes/Base/color.ini [1ms]
2023-04-10 13:11:01.055 [info] > git status -z -uall [23ms]
2023-04-10 13:11:57.950 [info] > git config --get commit.template [6ms]
2023-04-10 13:11:57.951 [info] > git for-each-ref --format=%(refname)%00%(upstream:short)%00%(objectname)%00%(upstream:track)%00%(upstream:remotename)%00%(upstream:remoteref) refs/heads/main refs/remotes/main [1ms]
2023-04-10 13:11:57.980 [info] > git status -z -uall [25ms]
2023-04-10 13:12:06.715 [info] > git config --get commit.template [6ms]
2023-04-10 13:12:06.716 [info] > git for-each-ref --format=%(refname)%00%(upstream:short)%00%(objectname)%00%(upstream:track)%00%(upstream:remotename)%00%(upstream:remoteref) refs/heads/main refs/remotes/main [1ms]
2023-04-10 13:12:06.746 [info] > git status -z -uall [26ms]
2023-04-10 13:12:27.621 [info] > git config --get commit.template [6ms]
2023-04-10 13:12:27.622 [info] > git for-each-ref --format=%(refname)%00%(upstream:short)%00%(objectname)%00%(upstream:track)%00%(upstream:remotename)%00%(upstream:remoteref) refs/heads/main refs/remotes/main [1ms]
2023-04-10 13:12:27.658 [info] > git status -z -uall [30ms]
2023-04-10 13:12:48.883 [info] > git config --get commit.template [2ms]
2023-04-10 13:12:48.890 [info] > git for-each-ref --format=%(refname)%00%(upstream:short)%00%(objectname)%00%(upstream:track)%00%(upstream:remotename)%00%(upstream:remoteref) refs/heads/main refs/remotes/main [1ms]
2023-04-10 13:12:48.919 [info] > git status -z -uall [25ms]
2023-04-10 13:13:12.099 [info] > git config --get commit.template [6ms]
2023-04-10 13:13:12.100 [info] > git for-each-ref --format=%(refname)%00%(upstream:short)%00%(objectname)%00%(upstream:track)%00%(upstream:remotename)%00%(upstream:remoteref) refs/heads/main refs/remotes/main [1ms]
2023-04-10 13:13:12.130 [info] > git status -z -uall [25ms]
2023-04-10 13:14:09.420 [info] > git config --get commit.template [5ms]
2023-04-10 13:14:09.421 [info] > git for-each-ref --format=%(refname)%00%(upstream:short)%00%(objectname)%00%(upstream:track)%00%(upstream:remotename)%00%(upstream:remoteref) refs/heads/main refs/remotes/main [1ms]
2023-04-10 13:14:09.452 [info] > git status -z -uall [26ms]
2023-04-10 13:14:14.499 [info] > git config --get commit.template [22ms]
2023-04-10 13:14:14.500 [info] > git for-each-ref --format=%(refname)%00%(upstream:short)%00%(objectname)%00%(upstream:track)%00%(upstream:remotename)%00%(upstream:remoteref) refs/heads/main refs/remotes/main [5ms]
2023-04-10 13:14:14.561 [info] > git status -z -uall [46ms]
2023-04-10 13:14:19.583 [info] > git check-ignore -v -z --stdin [10ms]
2023-04-10 13:14:19.583 [info] > git config --get commit.template [5ms]
2023-04-10 13:14:19.584 [info] > git for-each-ref --format=%(refname)%00%(upstream:short)%00%(objectname)%00%(upstream:track)%00%(upstream:remotename)%00%(upstream:remoteref) refs/heads/main refs/remotes/main [2ms]
2023-04-10 13:14:19.613 [info] > git status -z -uall [25ms]
2023-04-10 13:14:23.871 [info] > git show --textconv :.git/COMMIT_EDITMSG [18ms]
2023-04-10 13:14:23.876 [info] > git ls-files --stage -- /home/nix/.config/.git/COMMIT_EDITMSG [6ms]
2023-04-10 13:14:24.185 [info] > git check-ignore -v -z --stdin [7ms]
2023-04-10 13:14:24.776 [info] > git ls-files --stage -- /home/nix/.config/spicetify/Themes/Base/color.ini [4ms]
2023-04-10 13:14:24.780 [info] > git ls-files --stage -- /home/nix/.config/.git/COMMIT_EDITMSG [4ms]
2023-04-10 13:14:24.781 [info] > git cat-file -s 01e977010d01b6e2ef81972bced3de8f48a9eb4c [1ms]
2023-04-10 13:14:24.792 [info] > git show --textconv :.git/COMMIT_EDITMSG [5ms]
2023-04-10 13:14:24.793 [info] > git show --textconv :spicetify/Themes/Base/color.ini [2ms]
2023-04-10 13:15:05.611 [info] > git check-ignore -v -z --stdin [6ms]
2023-04-10 13:15:06.542 [info] > git check-ignore -v -z --stdin [11ms]
2023-04-10 13:15:07.328 [info] > git check-ignore -v -z --stdin [2ms]
2023-04-10 13:15:08.210 [info] > git check-ignore -v -z --stdin [8ms]
2023-04-10 13:15:33.691 [info] Log level: Info
2023-04-10 13:15:33.691 [info] Validating found git in: "git"
2023-04-10 13:15:33.691 [info] Using git "2.40.0" from "git"
2023-04-10 13:15:33.691 [info] > git rev-parse --show-toplevel [3ms]
2023-04-10 13:15:33.691 [info] > git rev-parse --git-dir --git-common-dir [1ms]
2023-04-10 13:15:33.691 [info] Open repository: /home/nix/Dot-Files
2023-04-10 13:15:33.691 [info] > git rev-parse --show-toplevel [6ms]
2023-04-10 13:15:33.691 [info] > git config --get commit.template [6ms]
2023-04-10 13:15:33.691 [info] > git rev-parse --git-dir --git-common-dir [2ms]
2023-04-10 13:15:33.691 [info] Open repository: /home/nix/Dot-Files/.config
2023-04-10 13:15:33.691 [info] > git for-each-ref --format=%(refname)%00%(upstream:short)%00%(objectname)%00%(upstream:track)%00%(upstream:remotename)%00%(upstream:remoteref) refs/heads/main refs/remotes/main [6ms]
2023-04-10 13:15:33.691 [info] > git config --get commit.template [7ms]
2023-04-10 13:15:33.691 [info] > git status -z -uall [7ms]
2023-04-10 13:15:33.691 [info] > git for-each-ref --format=%(refname)%00%(upstream:short)%00%(objectname)%00%(upstream:track)%00%(upstream:remotename)%00%(upstream:remoteref) refs/heads/main refs/remotes/main [12ms]
2023-04-10 13:15:33.691 [info] > git config --get commit.template [7ms]
2023-04-10 13:15:33.691 [info] > git for-each-ref --format=%(refname)%00%(upstream:short)%00%(objectname)%00%(upstream:track)%00%(upstream:remotename)%00%(upstream:remoteref) refs/heads/main refs/remotes/main [1ms]
2023-04-10 13:15:33.691 [info] > git status -z -uall [22ms]
2023-04-10 13:15:34.115 [info] > git check-ignore -v -z --stdin [4ms]
2023-04-10 13:15:34.115 [info] > git check-ignore -v -z --stdin [1ms]
2023-04-10 13:15:37.022 [info] > git status -z -uall [3455ms]
2023-04-10 13:15:37.035 [info] > git config --get commit.template [4ms]
2023-04-10 13:15:37.042 [info] > git for-each-ref --format=%(refname)%00%(upstream:short)%00%(objectname)%00%(upstream:track)%00%(upstream:remotename)%00%(upstream:remoteref) refs/heads/main refs/remotes/main [3ms]
2023-04-10 13:15:37.746 [info] > git check-ignore -v -z --stdin [5ms]
2023-04-10 13:15:40.406 [info] > git status -z -uall [3361ms]
2023-04-10 13:15:41.923 [info] > git check-ignore -v -z --stdin [4ms]
2023-04-10 13:15:47.386 [info] > git check-ignore -v -z --stdin [2ms]
2023-04-10 13:15:55.841 [info] > git show --textconv :.git/COMMIT_EDITMSG [4ms]
2023-04-10 13:15:55.842 [info] > git ls-files --stage -- /home/nix/Dot-Files/.config/.git/COMMIT_EDITMSG [2ms]
2023-04-10 13:15:56.243 [info] > git check-ignore -v -z --stdin [6ms]
2023-04-10 13:15:56.687 [info] > git ls-files --stage -- /home/nix/Dot-Files/.config/.git/COMMIT_EDITMSG [7ms]
2023-04-10 13:15:56.710 [info] > git show --textconv :.git/COMMIT_EDITMSG [6ms]
2023-04-10 13:15:59.092 [info] > git check-ignore -v -z --stdin [9ms]
2023-04-10 13:16:01.206 [info] > git check-ignore -v -z --stdin [20ms]
2023-04-10 13:16:28.696 [info] > git config --get commit.template [9ms]
2023-04-10 13:16:28.696 [info] > git for-each-ref --format=%(refname)%00%(upstream:short)%00%(objectname)%00%(upstream:track)%00%(upstream:remotename)%00%(upstream:remoteref) refs/heads/main refs/remotes/main [5ms]
2023-04-10 13:16:28.701 [info] > git ls-files --stage -- /home/nix/Dot-Files/.config/.git/COMMIT_EDITMSG [6ms]
2023-04-10 13:16:28.701 [info] > git status -z -uall [1ms]
2023-04-10 13:16:28.709 [info] > git show --textconv :.git/COMMIT_EDITMSG [1ms]
2023-04-10 13:16:29.984 [info] > git -c user.useConfigOnly=true commit --quiet [37718ms]
2023-04-10 13:16:29.984 [info] Aborting commit due to empty commit message.
2023-04-10 13:16:29.991 [info] > git config --get commit.template [4ms]
2023-04-10 13:16:29.992 [info] > git for-each-ref --format=%(refname)%00%(upstream:short)%00%(objectname)%00%(upstream:track)%00%(upstream:remotename)%00%(upstream:remoteref) refs/heads/main refs/remotes/main [1ms]
2023-04-10 13:16:30.018 [info] > git status -z -uall [24ms]
2023-04-10 13:16:33.714 [info] > git config --get commit.template [4ms]
2023-04-10 13:16:33.714 [info] > git for-each-ref --format=%(refname)%00%(upstream:short)%00%(objectname)%00%(upstream:track)%00%(upstream:remotename)%00%(upstream:remoteref) refs/heads/main refs/remotes/main [1ms]
2023-04-10 13:16:33.718 [info] > git status -z -uall [1ms]
