2023-04-10 11:42:56.961 [info] Log level: Info
2023-04-10 11:42:56.961 [info] Validating found git in: "git"
2023-04-10 11:42:56.961 [info] Using git "2.40.0" from "git"
2023-04-10 11:42:56.961 [info] > git rev-parse --show-toplevel [3ms]
2023-04-10 11:42:56.961 [info] fatal: not a git repository (or any of the parent directories): .git
2023-04-10 11:42:56.962 [info] > git rev-parse --show-toplevel [1ms]
2023-04-10 11:42:56.962 [info] fatal: not a git repository (or any of the parent directories): .git
2023-04-10 11:42:56.993 [info] > git rev-parse --show-toplevel [25ms]
2023-04-10 11:42:56.993 [info] fatal: not a git repository (or any of the parent directories): .git
2023-04-10 11:42:57.006 [info] > git rev-parse --show-toplevel [8ms]
2023-04-10 11:42:57.006 [info] fatal: not a git repository (or any of the parent directories): .git
2023-04-10 11:42:57.013 [info] > git rev-parse --show-toplevel [2ms]
2023-04-10 11:42:57.013 [info] fatal: not a git repository (or any of the parent directories): .git
2023-04-10 11:42:57.022 [info] > git rev-parse --show-toplevel [4ms]
2023-04-10 11:42:57.022 [info] fatal: not a git repository (or any of the parent directories): .git
2023-04-10 11:42:57.028 [info] > git rev-parse --show-toplevel [1ms]
2023-04-10 11:42:57.028 [info] fatal: not a git repository (or any of the parent directories): .git
2023-04-10 11:42:57.035 [info] > git rev-parse --show-toplevel [1ms]
2023-04-10 11:42:57.035 [info] fatal: not a git repository (or any of the parent directories): .git
2023-04-10 11:42:57.045 [info] > git rev-parse --show-toplevel [1ms]
2023-04-10 11:42:57.045 [info] fatal: not a git repository (or any of the parent directories): .git
2023-04-10 11:42:57.055 [info] > git rev-parse --show-toplevel [4ms]
2023-04-10 11:42:57.055 [info] fatal: not a git repository (or any of the parent directories): .git
2023-04-10 11:42:57.062 [info] > git rev-parse --show-toplevel [0ms]
2023-04-10 11:42:57.062 [info] fatal: not a git repository (or any of the parent directories): .git
2023-04-10 11:42:57.069 [info] > git rev-parse --show-toplevel [1ms]
2023-04-10 11:42:57.069 [info] fatal: not a git repository (or any of the parent directories): .git
2023-04-10 11:42:57.079 [info] > git rev-parse --show-toplevel [4ms]
2023-04-10 11:42:57.079 [info] fatal: not a git repository (or any of the parent directories): .git
2023-04-10 11:42:57.085 [info] > git rev-parse --show-toplevel [1ms]
2023-04-10 11:42:57.085 [info] fatal: not a git repository (or any of the parent directories): .git
2023-04-10 11:42:57.091 [info] > git rev-parse --show-toplevel [1ms]
2023-04-10 11:42:57.091 [info] fatal: not a git repository (or any of the parent directories): .git
2023-04-10 11:42:57.097 [info] > git rev-parse --show-toplevel [1ms]
2023-04-10 11:42:57.097 [info] fatal: not a git repository (or any of the parent directories): .git
2023-04-10 11:42:57.104 [info] > git rev-parse --show-toplevel [1ms]
2023-04-10 11:42:57.104 [info] fatal: not a git repository (or any of the parent directories): .git
2023-04-10 11:42:57.110 [info] > git rev-parse --show-toplevel [1ms]
2023-04-10 11:42:57.110 [info] fatal: not a git repository (or any of the parent directories): .git
2023-04-10 11:42:57.117 [info] > git rev-parse --show-toplevel [0ms]
2023-04-10 11:42:57.117 [info] fatal: not a git repository (or any of the parent directories): .git
2023-04-10 11:42:57.124 [info] > git rev-parse --show-toplevel [1ms]
2023-04-10 11:42:57.124 [info] fatal: not a git repository (or any of the parent directories): .git
2023-04-10 11:42:57.130 [info] > git rev-parse --show-toplevel [1ms]
2023-04-10 11:42:57.130 [info] fatal: not a git repository (or any of the parent directories): .git
2023-04-10 11:42:57.138 [info] > git rev-parse --show-toplevel [2ms]
2023-04-10 11:42:57.138 [info] fatal: not a git repository (or any of the parent directories): .git
2023-04-10 11:42:57.143 [info] > git rev-parse --show-toplevel [1ms]
2023-04-10 11:42:57.143 [info] fatal: not a git repository (or any of the parent directories): .git
2023-04-10 11:42:57.148 [info] > git rev-parse --show-toplevel [1ms]
2023-04-10 11:42:57.148 [info] fatal: not a git repository (or any of the parent directories): .git
2023-04-10 11:42:57.153 [info] > git rev-parse --show-toplevel [0ms]
2023-04-10 11:42:57.153 [info] fatal: not a git repository (or any of the parent directories): .git
2023-04-10 11:42:57.158 [info] > git rev-parse --show-toplevel [0ms]
2023-04-10 11:42:57.158 [info] fatal: not a git repository (or any of the parent directories): .git
2023-04-10 11:42:57.163 [info] > git rev-parse --show-toplevel [1ms]
2023-04-10 11:42:57.163 [info] fatal: not a git repository (or any of the parent directories): .git
2023-04-10 11:43:02.478 [info] > git rev-parse --show-toplevel [1ms]
2023-04-10 11:43:02.478 [info] fatal: not a git repository (or any of the parent directories): .git
