2023-04-09 20:22:37.023 [info] Log level: Info
2023-04-09 20:22:37.023 [info] Validating found git in: "git"
2023-04-09 20:22:37.023 [info] Using git "2.40.0" from "git"
2023-04-09 20:22:37.023 [info] > git rev-parse --show-toplevel [83ms]
2023-04-09 20:22:37.023 [info] fatal: not a git repository (or any of the parent directories): .git
2023-04-09 20:22:37.024 [info] > git rev-parse --show-toplevel [20ms]
2023-04-09 20:22:37.024 [info] fatal: not a git repository (or any of the parent directories): .git
2023-04-09 20:22:37.031 [info] > git rev-parse --show-toplevel [3ms]
2023-04-09 20:22:37.031 [info] fatal: not a git repository (or any of the parent directories): .git
2023-04-09 20:22:37.039 [info] > git rev-parse --show-toplevel [4ms]
2023-04-09 20:22:37.039 [info] fatal: not a git repository (or any of the parent directories): .git
2023-04-09 20:22:37.053 [info] > git rev-parse --show-toplevel [9ms]
2023-04-09 20:22:37.053 [info] fatal: not a git repository (or any of the parent directories): .git
2023-04-09 20:22:37.058 [info] > git rev-parse --show-toplevel [1ms]
2023-04-09 20:22:37.058 [info] fatal: not a git repository (or any of the parent directories): .git
2023-04-09 20:22:37.062 [info] > git rev-parse --show-toplevel [1ms]
2023-04-09 20:22:37.062 [info] fatal: not a git repository (or any of the parent directories): .git
2023-04-09 20:22:37.067 [info] > git rev-parse --show-toplevel [1ms]
2023-04-09 20:22:37.067 [info] fatal: not a git repository (or any of the parent directories): .git
2023-04-09 20:22:37.072 [info] > git rev-parse --show-toplevel [1ms]
2023-04-09 20:22:37.072 [info] fatal: not a git repository (or any of the parent directories): .git
2023-04-09 20:22:37.077 [info] > git rev-parse --show-toplevel [1ms]
2023-04-09 20:22:37.077 [info] fatal: not a git repository (or any of the parent directories): .git
2023-04-09 20:22:37.082 [info] > git rev-parse --show-toplevel [1ms]
2023-04-09 20:22:37.082 [info] fatal: not a git repository (or any of the parent directories): .git
2023-04-09 20:22:37.087 [info] > git rev-parse --show-toplevel [1ms]
2023-04-09 20:22:37.087 [info] fatal: not a git repository (or any of the parent directories): .git
2023-04-09 20:22:37.092 [info] > git rev-parse --show-toplevel [1ms]
2023-04-09 20:22:37.092 [info] fatal: not a git repository (or any of the parent directories): .git
2023-04-09 20:22:37.097 [info] > git rev-parse --show-toplevel [0ms]
2023-04-09 20:22:37.097 [info] fatal: not a git repository (or any of the parent directories): .git
2023-04-09 20:22:37.101 [info] > git rev-parse --show-toplevel [1ms]
2023-04-09 20:22:37.101 [info] fatal: not a git repository (or any of the parent directories): .git
2023-04-09 20:22:37.107 [info] > git rev-parse --show-toplevel [1ms]
2023-04-09 20:22:37.107 [info] fatal: not a git repository (or any of the parent directories): .git
2023-04-09 20:22:37.112 [info] > git rev-parse --show-toplevel [1ms]
2023-04-09 20:22:37.112 [info] fatal: not a git repository (or any of the parent directories): .git
2023-04-09 20:22:37.117 [info] > git rev-parse --show-toplevel [1ms]
2023-04-09 20:22:37.117 [info] fatal: not a git repository (or any of the parent directories): .git
2023-04-09 20:22:37.123 [info] > git rev-parse --show-toplevel [1ms]
2023-04-09 20:22:37.123 [info] fatal: not a git repository (or any of the parent directories): .git
2023-04-09 20:22:37.128 [info] > git rev-parse --show-toplevel [1ms]
2023-04-09 20:22:37.128 [info] fatal: not a git repository (or any of the parent directories): .git
2023-04-09 20:22:37.133 [info] > git rev-parse --show-toplevel [1ms]
2023-04-09 20:22:37.133 [info] fatal: not a git repository (or any of the parent directories): .git
2023-04-09 20:22:43.479 [info] > git rev-parse --show-toplevel [1ms]
2023-04-09 20:22:43.479 [info] fatal: not a git repository (or any of the parent directories): .git
2023-04-09 20:24:11.444 [info] > git rev-parse --show-toplevel [2ms]
2023-04-09 20:24:11.444 [info] fatal: not a git repository (or any of the parent directories): .git
2023-04-09 20:24:24.544 [info] > git rev-parse --show-toplevel [3ms]
2023-04-09 20:24:24.544 [info] fatal: not a git repository (or any of the parent directories): .git
2023-04-09 20:24:25.960 [info] > git rev-parse --show-toplevel [1ms]
2023-04-09 20:24:25.960 [info] fatal: not a git repository (or any of the parent directories): .git
2023-04-09 20:24:36.045 [info] > git rev-parse --show-toplevel [2ms]
2023-04-09 20:24:36.045 [info] fatal: not a git repository (or any of the parent directories): .git
2023-04-09 20:24:42.562 [info] > git rev-parse --show-toplevel [1ms]
2023-04-09 20:24:42.562 [info] fatal: not a git repository (or any of the parent directories): .git
2023-04-09 20:24:46.928 [info] > git rev-parse --show-toplevel [1ms]
2023-04-09 20:24:46.928 [info] fatal: not a git repository (or any of the parent directories): .git
2023-04-09 20:24:51.453 [info] > git rev-parse --show-toplevel [2ms]
2023-04-09 20:24:51.453 [info] fatal: not a git repository (or any of the parent directories): .git
2023-04-09 20:24:54.552 [info] > git rev-parse --show-toplevel [2ms]
2023-04-09 20:24:54.552 [info] fatal: not a git repository (or any of the parent directories): .git
2023-04-09 20:25:04.040 [info] > git rev-parse --show-toplevel [1ms]
2023-04-09 20:25:04.041 [info] fatal: not a git repository (or any of the parent directories): .git
2023-04-09 20:25:04.869 [info] > git rev-parse --show-toplevel [2ms]
2023-04-09 20:25:04.869 [info] fatal: not a git repository (or any of the parent directories): .git
2023-04-09 20:25:06.615 [info] > git rev-parse --show-toplevel [1ms]
2023-04-09 20:25:06.615 [info] fatal: not a git repository (or any of the parent directories): .git
2023-04-09 20:25:07.383 [info] > git rev-parse --show-toplevel [3ms]
2023-04-09 20:25:07.384 [info] fatal: not a git repository (or any of the parent directories): .git
2023-04-09 20:25:08.360 [info] > git rev-parse --show-toplevel [1ms]
2023-04-09 20:25:08.360 [info] fatal: not a git repository (or any of the parent directories): .git
2023-04-09 20:25:09.693 [info] > git rev-parse --show-toplevel [1ms]
2023-04-09 20:25:09.693 [info] fatal: not a git repository (or any of the parent directories): .git
2023-04-09 20:25:37.877 [info] > git rev-parse --show-toplevel [1ms]
2023-04-09 20:25:37.877 [info] fatal: not a git repository (or any of the parent directories): .git
2023-04-09 20:25:39.538 [info] > git rev-parse --show-toplevel [1ms]
2023-04-09 20:25:39.538 [info] fatal: not a git repository (or any of the parent directories): .git
2023-04-09 20:25:49.165 [info] > git rev-parse --show-toplevel [1ms]
2023-04-09 20:25:49.165 [info] fatal: not a git repository (or any of the parent directories): .git
2023-04-09 20:26:10.976 [info] > git rev-parse --show-toplevel [2ms]
2023-04-09 20:26:10.976 [info] fatal: not a git repository (or any of the parent directories): .git
2023-04-09 20:26:11.709 [info] > git rev-parse --show-toplevel [0ms]
2023-04-09 20:26:11.709 [info] fatal: not a git repository (or any of the parent directories): .git
2023-04-09 20:26:21.826 [info] > git rev-parse --show-toplevel [1ms]
2023-04-09 20:26:21.826 [info] fatal: not a git repository (or any of the parent directories): .git
2023-04-09 20:26:21.831 [info] > git rev-parse --show-toplevel [1ms]
2023-04-09 20:26:21.831 [info] fatal: not a git repository (or any of the parent directories): .git
2023-04-09 20:26:24.532 [info] > git rev-parse --show-toplevel [1ms]
2023-04-09 20:26:24.532 [info] fatal: not a git repository (or any of the parent directories): .git
2023-04-09 20:26:24.538 [info] > git rev-parse --show-toplevel [1ms]
2023-04-09 20:26:24.538 [info] fatal: not a git repository (or any of the parent directories): .git
2023-04-09 20:26:24.543 [info] > git rev-parse --show-toplevel [1ms]
2023-04-09 20:26:24.543 [info] fatal: not a git repository (or any of the parent directories): .git
2023-04-09 20:43:29.482 [info] > git rev-parse --show-toplevel [1ms]
2023-04-09 20:43:29.482 [info] fatal: not a git repository (or any of the parent directories): .git
2023-04-09 20:43:31.114 [info] > git rev-parse --show-toplevel [1ms]
2023-04-09 20:43:31.114 [info] fatal: not a git repository (or any of the parent directories): .git
2023-04-09 20:44:26.157 [info] > git rev-parse --show-toplevel [1ms]
2023-04-09 20:44:26.157 [info] fatal: not a git repository (or any of the parent directories): .git
