2023-04-09 21:32:31.218 [info] Log level: Info
2023-04-09 21:32:31.218 [info] Validating found git in: "git"
2023-04-09 21:32:31.218 [info] Using git "2.40.0" from "git"
2023-04-09 21:32:50.084 [info] Log level: Info
2023-04-09 21:32:50.084 [info] Validating found git in: "git"
2023-04-09 21:32:50.084 [info] Using git "2.40.0" from "git"
2023-04-09 21:32:50.084 [info] > git rev-parse --show-toplevel [3ms]
2023-04-09 21:32:50.084 [info] fatal: not a git repository (or any of the parent directories): .git
2023-04-09 21:32:50.092 [info] > git rev-parse --show-toplevel [26ms]
2023-04-09 21:32:50.092 [info] fatal: not a git repository (or any of the parent directories): .git
2023-04-09 21:32:50.101 [info] > git rev-parse --show-toplevel [5ms]
2023-04-09 21:32:50.101 [info] fatal: not a git repository (or any of the parent directories): .git
2023-04-09 21:32:50.107 [info] > git rev-parse --show-toplevel [1ms]
2023-04-09 21:32:50.107 [info] fatal: not a git repository (or any of the parent directories): .git
2023-04-09 21:32:50.112 [info] > git rev-parse --show-toplevel [0ms]
2023-04-09 21:32:50.112 [info] fatal: not a git repository (or any of the parent directories): .git
2023-04-09 21:32:50.118 [info] > git rev-parse --show-toplevel [1ms]
2023-04-09 21:32:50.118 [info] fatal: not a git repository (or any of the parent directories): .git
2023-04-09 21:32:50.123 [info] > git rev-parse --show-toplevel [1ms]
2023-04-09 21:32:50.123 [info] fatal: not a git repository (or any of the parent directories): .git
2023-04-09 21:32:50.128 [info] > git rev-parse --show-toplevel [1ms]
2023-04-09 21:32:50.128 [info] fatal: not a git repository (or any of the parent directories): .git
2023-04-09 21:32:50.134 [info] > git rev-parse --show-toplevel [1ms]
2023-04-09 21:32:50.134 [info] fatal: not a git repository (or any of the parent directories): .git
2023-04-09 21:32:50.138 [info] > git rev-parse --show-toplevel [0ms]
2023-04-09 21:32:50.138 [info] fatal: not a git repository (or any of the parent directories): .git
2023-04-09 21:32:50.142 [info] > git rev-parse --show-toplevel [0ms]
2023-04-09 21:32:50.142 [info] fatal: not a git repository (or any of the parent directories): .git
2023-04-09 21:32:50.148 [info] > git rev-parse --show-toplevel [1ms]
2023-04-09 21:32:50.148 [info] fatal: not a git repository (or any of the parent directories): .git
2023-04-09 21:32:50.152 [info] > git rev-parse --show-toplevel [1ms]
2023-04-09 21:32:50.152 [info] fatal: not a git repository (or any of the parent directories): .git
2023-04-09 21:32:50.157 [info] > git rev-parse --show-toplevel [0ms]
2023-04-09 21:32:50.157 [info] fatal: not a git repository (or any of the parent directories): .git
2023-04-09 21:32:50.161 [info] > git rev-parse --show-toplevel [1ms]
2023-04-09 21:32:50.161 [info] fatal: not a git repository (or any of the parent directories): .git
2023-04-09 21:32:50.165 [info] > git rev-parse --show-toplevel [1ms]
2023-04-09 21:32:50.165 [info] fatal: not a git repository (or any of the parent directories): .git
2023-04-09 21:32:50.170 [info] > git rev-parse --show-toplevel [1ms]
2023-04-09 21:32:50.170 [info] fatal: not a git repository (or any of the parent directories): .git
2023-04-09 21:32:50.174 [info] > git rev-parse --show-toplevel [1ms]
2023-04-09 21:32:50.174 [info] fatal: not a git repository (or any of the parent directories): .git
2023-04-09 21:32:50.178 [info] > git rev-parse --show-toplevel [1ms]
2023-04-09 21:32:50.178 [info] fatal: not a git repository (or any of the parent directories): .git
2023-04-09 21:32:50.183 [info] > git rev-parse --show-toplevel [1ms]
2023-04-09 21:32:50.183 [info] fatal: not a git repository (or any of the parent directories): .git
2023-04-09 21:32:50.187 [info] > git rev-parse --show-toplevel [1ms]
2023-04-09 21:32:50.187 [info] fatal: not a git repository (or any of the parent directories): .git
